[2022-12-29 18:02:21] local.ERROR: Please provide a valid cache path. {"exception":"[object] (InvalidArgumentException(code: 0): Please provide a valid cache path. at /home/student/php_2022_platforma_dla_fanow_planszowek/09_laravel_tdd/project/vendor/laravel/framework/src/Illuminate/View/Compilers/Compiler.php:66)
[stacktrace]
#0 /home/student/php_2022_platforma_dla_fanow_planszowek/09_laravel_tdd/project/vendor/laravel/framework/src/Illuminate/View/ViewServiceProvider.php(101): Illuminate\\View\\Compilers\\Compiler->__construct()
#1 /home/student/php_2022_platforma_dla_fanow_planszowek/09_laravel_tdd/project/vendor/laravel/framework/src/Illuminate/Container/Container.php(871): Illuminate\\View\\ViewServiceProvider->Illuminate\\View\\{closure}()
#2 /home/student/php_2022_platforma_dla_fanow_planszowek/09_laravel_tdd/project/vendor/laravel/framework/src/Illuminate/Container/Container.php(756): Illuminate\\Container\\Container->build()
#3 /home/student/php_2022_platforma_dla_fanow_planszowek/09_laravel_tdd/project/vendor/laravel/framework/src/Illuminate/Foundation/Application.php(860): Illuminate\\Container\\Container->resolve()
#4 /home/student/php_2022_platforma_dla_fanow_planszowek/09_laravel_tdd/project/vendor/laravel/framework/src/Illuminate/Container/Container.php(692): Illuminate\\Foundation\\Application->resolve()
#5 /home/student/php_2022_platforma_dla_fanow_planszowek/09_laravel_tdd/project/vendor/laravel/framework/src/Illuminate/Foundation/Application.php(845): Illuminate\\Container\\Container->make()
#6 /home/student/php_2022_platforma_dla_fanow_planszowek/09_laravel_tdd/project/vendor/laravel/framework/src/Illuminate/Container/Container.php(1419): Illuminate\\Foundation\\Application->make()
#7 /home/student/php_2022_platforma_dla_fanow_planszowek/09_laravel_tdd/project/vendor/graham-campbell/markdown/src/MarkdownServiceProvider.php(136): Illuminate\\Container\\Container->offsetGet()
#8 /home/student/php_2022_platforma_dla_fanow_planszowek/09_laravel_tdd/project/vendor/graham-campbell/markdown/src/MarkdownServiceProvider.php(53): GrahamCampbell\\Markdown\\MarkdownServiceProvider->enableBladeDirective()
#9 /home/student/php_2022_platforma_dla_fanow_planszowek/09_laravel_tdd/project/vendor/laravel/framework/src/Illuminate/Container/BoundMethod.php(36): GrahamCampbell\\Markdown\\MarkdownServiceProvider->boot()
#10 /home/student/php_2022_platforma_dla_fanow_planszowek/09_laravel_tdd/project/vendor/laravel/framework/src/Illuminate/Container/Util.php(41): Illuminate\\Container\\BoundMethod::Illuminate\\Container\\{closure}()
#11 /home/student/php_2022_platforma_dla_fanow_planszowek/09_laravel_tdd/project/vendor/laravel/framework/src/Illuminate/Container/BoundMethod.php(93): Illuminate\\Container\\Util::unwrapIfClosure()
#12 /home/student/php_2022_platforma_dla_fanow_planszowek/09_laravel_tdd/project/vendor/laravel/framework/src/Illuminate/Container/BoundMethod.php(37): Illuminate\\Container\\BoundMethod::callBoundMethod()
#13 /home/student/php_2022_platforma_dla_fanow_planszowek/09_laravel_tdd/project/vendor/laravel/framework/src/Illuminate/Container/Container.php(651): Illuminate\\Container\\BoundMethod::call()
#14 /home/student/php_2022_platforma_dla_fanow_planszowek/09_laravel_tdd/project/vendor/laravel/framework/src/Illuminate/Foundation/Application.php(933): Illuminate\\Container\\Container->call()
#15 /home/student/php_2022_platforma_dla_fanow_planszowek/09_laravel_tdd/project/vendor/laravel/framework/src/Illuminate/Foundation/Application.php(914): Illuminate\\Foundation\\Application->bootProvider()
#16 [internal function]: Illuminate\\Foundation\\Application->Illuminate\\Foundation\\{closure}()
#17 /home/student/php_2022_platforma_dla_fanow_planszowek/09_laravel_tdd/project/vendor/laravel/framework/src/Illuminate/Foundation/Application.php(915): array_walk()
#18 /home/student/php_2022_platforma_dla_fanow_planszowek/09_laravel_tdd/project/vendor/laravel/framework/src/Illuminate/Foundation/Bootstrap/BootProviders.php(17): Illuminate\\Foundation\\Application->boot()
#19 /home/student/php_2022_platforma_dla_fanow_planszowek/09_laravel_tdd/project/vendor/laravel/framework/src/Illuminate/Foundation/Application.php(242): Illuminate\\Foundation\\Bootstrap\\BootProviders->bootstrap()
#20 /home/student/php_2022_platforma_dla_fanow_planszowek/09_laravel_tdd/project/vendor/laravel/framework/src/Illuminate/Foundation/Http/Kernel.php(176): Illuminate\\Foundation\\Application->bootstrapWith()
#21 /home/student/php_2022_platforma_dla_fanow_planszowek/09_laravel_tdd/project/vendor/laravel/framework/src/Illuminate/Foundation/Http/Kernel.php(160): Illuminate\\Foundation\\Http\\Kernel->bootstrap()
#22 /home/student/php_2022_platforma_dla_fanow_planszowek/09_laravel_tdd/project/vendor/laravel/framework/src/Illuminate/Foundation/Http/Kernel.php(134): Illuminate\\Foundation\\Http\\Kernel->sendRequestThroughRouter()
#23 /home/student/php_2022_platforma_dla_fanow_planszowek/09_laravel_tdd/project/public/index.php(52): Illuminate\\Foundation\\Http\\Kernel->handle()
#24 /home/student/php_2022_platforma_dla_fanow_planszowek/09_laravel_tdd/project/vendor/laravel/framework/src/Illuminate/Foundation/resources/server.php(16): require_once('...')
#25 {main}
"} 
